<?xml version="1.0" encoding="UTF-8"?>
<!-- Generated by org.testng.reporters.JUnitReportReporter -->
<testsuite hostname="ASUS_VIVOBOOK" failures="0" tests="4" name="seleniumframeworkdesign.StandAloneTest2" time="39.471" errors="0" timestamp="2025-07-01T20:21:36 IST" skipped="0">
  <testcase classname="seleniumframeworkdesign.StandAloneTest2" name="submitOrder" time="16.798"/>
  <testcase classname="seleniumframeworkdesign.StandAloneTest2" name="orderHistory" time="2.676"/>
  <testcase classname="seleniumframeworkdesign.StandAloneTest2" name="submitOrder" time="17.534"/>
  <testcase classname="seleniumframeworkdesign.StandAloneTest2" name="orderHistory" time="2.463"/>
</testsuite> <!-- seleniumframeworkdesign.StandAloneTest2 -->
